2022-10-29 01:52:14 DEBUG com.bertopcu.KitchenWorld.service.RecipeService [http-nio-8090-exec-2] ::getRecipe starts ::loggedinUser:: bertopcu parameter(s):: 2
2022-10-29 01:52:14 ERROR com.bertopcu.KitchenWorld.service.RecipeService [http-nio-8090-exec-2] ::error at getRecipe::
java.util.NoSuchElementException: No value present
	at java.util.Optional.get(Optional.java:135)
	at com.bertopcu.KitchenWorld.service.RecipeService.getRecipe(RecipeService.java:73)
	at com.bertopcu.KitchenWorld.service.RecipeService$$FastClassBySpringCGLIB$$e9c02597.invoke(<generated>)
	at org.springframework.cglib.proxy.MethodProxy.invoke(MethodProxy.java:218)
	at org.springframework.aop.framework.CglibAopProxy$CglibMethodInvocation.invokeJoinpoint(CglibAopProxy.java:793)
	at org.springframework.aop.framework.ReflectiveMethodInvocation.proceed(ReflectiveMethodInvocation.java:163)
	at org.springframework.aop.framework.CglibAopProxy$CglibMethodInvocation.proceed(CglibAopProxy.java:763)
	at org.springframework.transaction.interceptor.TransactionInterceptor$1.proceedWithInvocation(TransactionInterceptor.java:123)
	at org.springframework.transaction.interceptor.TransactionAspectSupport.invokeWithinTransaction(TransactionAspectSupport.java:388)
	at org.springframework.transaction.interceptor.TransactionInterceptor.invoke(TransactionInterceptor.java:119)
	at org.springframework.aop.framework.ReflectiveMethodInvocation.proceed(ReflectiveMethodInvocation.java:186)
	at org.springframework.aop.framework.CglibAopProxy$CglibMethodInvocation.proceed(CglibAopProxy.java:763)
	at org.springframework.aop.framework.CglibAopProxy$DynamicAdvisedInterceptor.intercept(CglibAopProxy.java:708)
	at com.bertopcu.KitchenWorld.service.RecipeService$$EnhancerBySpringCGLIB$$1075b068.getRecipe(<generated>)
	at com.bertopcu.KitchenWorld.fe.RecipeController.saveRecipeImg(RecipeController.java:95)
	at sun.reflect.NativeMethodAccessorImpl.invoke0(Native Method)
	at sun.reflect.NativeMethodAccessorImpl.invoke(NativeMethodAccessorImpl.java:62)
	at sun.reflect.DelegatingMethodAccessorImpl.invoke(DelegatingMethodAccessorImpl.java:43)
	at java.lang.reflect.Method.invoke(Method.java:498)
	at org.springframework.web.method.support.InvocableHandlerMethod.doInvoke(InvocableHandlerMethod.java:205)
	at org.springframework.web.method.support.InvocableHandlerMethod.invokeForRequest(InvocableHandlerMethod.java:150)
	at org.springframework.web.servlet.mvc.method.annotation.ServletInvocableHandlerMethod.invokeAndHandle(ServletInvocableHandlerMethod.java:117)
	at org.springframework.web.servlet.mvc.method.annotation.RequestMappingHandlerAdapter.invokeHandlerMethod(RequestMappingHandlerAdapter.java:895)
	at org.springframework.web.servlet.mvc.method.annotation.RequestMappingHandlerAdapter.handleInternal(RequestMappingHandlerAdapter.java:808)
	at org.springframework.web.servlet.mvc.method.AbstractHandlerMethodAdapter.handle(AbstractHandlerMethodAdapter.java:87)
	at org.springframework.web.servlet.DispatcherServlet.doDispatch(DispatcherServlet.java:1070)
	at org.springframework.web.servlet.DispatcherServlet.doService(DispatcherServlet.java:963)
	at org.springframework.web.servlet.FrameworkServlet.processRequest(FrameworkServlet.java:1006)
	at org.springframework.web.servlet.FrameworkServlet.doPost(FrameworkServlet.java:909)
	at javax.servlet.http.HttpServlet.service(HttpServlet.java:681)
	at org.springframework.web.servlet.FrameworkServlet.service(FrameworkServlet.java:883)
	at javax.servlet.http.HttpServlet.service(HttpServlet.java:764)
	at org.apache.catalina.core.ApplicationFilterChain.internalDoFilter(ApplicationFilterChain.java:227)
	at org.apache.catalina.core.ApplicationFilterChain.doFilter(ApplicationFilterChain.java:162)
	at org.apache.tomcat.websocket.server.WsFilter.doFilter(WsFilter.java:53)
	at org.apache.catalina.core.ApplicationFilterChain.internalDoFilter(ApplicationFilterChain.java:189)
	at org.apache.catalina.core.ApplicationFilterChain.doFilter(ApplicationFilterChain.java:162)
	at org.springframework.security.web.FilterChainProxy$VirtualFilterChain.doFilter(FilterChainProxy.java:327)
	at org.springframework.security.web.access.intercept.FilterSecurityInterceptor.invoke(FilterSecurityInterceptor.java:115)
	at org.springframework.security.web.access.intercept.FilterSecurityInterceptor.doFilter(FilterSecurityInterceptor.java:81)
	at org.springframework.security.web.FilterChainProxy$VirtualFilterChain.doFilter(FilterChainProxy.java:336)
	at org.springframework.security.web.access.ExceptionTranslationFilter.doFilter(ExceptionTranslationFilter.java:122)
	at org.springframework.security.web.access.ExceptionTranslationFilter.doFilter(ExceptionTranslationFilter.java:116)
	at org.springframework.security.web.FilterChainProxy$VirtualFilterChain.doFilter(FilterChainProxy.java:336)
	at org.springframework.security.web.session.SessionManagementFilter.doFilter(SessionManagementFilter.java:126)
	at org.springframework.security.web.session.SessionManagementFilter.doFilter(SessionManagementFilter.java:81)
	at org.springframework.security.web.FilterChainProxy$VirtualFilterChain.doFilter(FilterChainProxy.java:336)
	at org.springframework.security.web.authentication.AnonymousAuthenticationFilter.doFilter(AnonymousAuthenticationFilter.java:109)
	at org.springframework.security.web.FilterChainProxy$VirtualFilterChain.doFilter(FilterChainProxy.java:336)
	at org.springframework.security.web.servletapi.SecurityContextHolderAwareRequestFilter.doFilter(SecurityContextHolderAwareRequestFilter.java:149)
	at org.springframework.security.web.FilterChainProxy$VirtualFilterChain.doFilter(FilterChainProxy.java:336)
	at org.springframework.security.web.savedrequest.RequestCacheAwareFilter.doFilter(RequestCacheAwareFilter.java:63)
	at org.springframework.security.web.FilterChainProxy$VirtualFilterChain.doFilter(FilterChainProxy.java:336)
	at org.springframework.security.web.authentication.www.BasicAuthenticationFilter.doFilterInternal(BasicAuthenticationFilter.java:198)
	at org.springframework.web.filter.OncePerRequestFilter.doFilter(OncePerRequestFilter.java:117)
	at org.springframework.security.web.FilterChainProxy$VirtualFilterChain.doFilter(FilterChainProxy.java:336)
	at org.springframework.security.web.authentication.ui.DefaultLogoutPageGeneratingFilter.doFilterInternal(DefaultLogoutPageGeneratingFilter.java:58)
	at org.springframework.web.filter.OncePerRequestFilter.doFilter(OncePerRequestFilter.java:117)
	at org.springframework.security.web.FilterChainProxy$VirtualFilterChain.doFilter(FilterChainProxy.java:336)
	at org.springframework.security.web.authentication.ui.DefaultLoginPageGeneratingFilter.doFilter(DefaultLoginPageGeneratingFilter.java:237)
	at org.springframework.security.web.authentication.ui.DefaultLoginPageGeneratingFilter.doFilter(DefaultLoginPageGeneratingFilter.java:223)
	at org.springframework.security.web.FilterChainProxy$VirtualFilterChain.doFilter(FilterChainProxy.java:336)
	at org.springframework.security.web.authentication.AbstractAuthenticationProcessingFilter.doFilter(AbstractAuthenticationProcessingFilter.java:223)
	at org.springframework.security.web.authentication.AbstractAuthenticationProcessingFilter.doFilter(AbstractAuthenticationProcessingFilter.java:217)
	at org.springframework.security.web.FilterChainProxy$VirtualFilterChain.doFilter(FilterChainProxy.java:336)
	at org.springframework.security.web.authentication.logout.LogoutFilter.doFilter(LogoutFilter.java:103)
	at org.springframework.security.web.authentication.logout.LogoutFilter.doFilter(LogoutFilter.java:89)
	at org.springframework.security.web.FilterChainProxy$VirtualFilterChain.doFilter(FilterChainProxy.java:336)
	at org.springframework.web.filter.CorsFilter.doFilterInternal(CorsFilter.java:91)
	at org.springframework.web.filter.OncePerRequestFilter.doFilter(OncePerRequestFilter.java:117)
	at org.springframework.security.web.FilterChainProxy$VirtualFilterChain.doFilter(FilterChainProxy.java:336)
	at org.springframework.security.web.header.HeaderWriterFilter.doHeadersAfter(HeaderWriterFilter.java:90)
	at org.springframework.security.web.header.HeaderWriterFilter.doFilterInternal(HeaderWriterFilter.java:75)
	at org.springframework.web.filter.OncePerRequestFilter.doFilter(OncePerRequestFilter.java:117)
	at org.springframework.security.web.FilterChainProxy$VirtualFilterChain.doFilter(FilterChainProxy.java:336)
	at org.springframework.security.web.context.SecurityContextPersistenceFilter.doFilter(SecurityContextPersistenceFilter.java:112)
	at org.springframework.security.web.context.SecurityContextPersistenceFilter.doFilter(SecurityContextPersistenceFilter.java:82)
	at org.springframework.security.web.FilterChainProxy$VirtualFilterChain.doFilter(FilterChainProxy.java:336)
	at org.springframework.security.web.context.request.async.WebAsyncManagerIntegrationFilter.doFilterInternal(WebAsyncManagerIntegrationFilter.java:55)
	at org.springframework.web.filter.OncePerRequestFilter.doFilter(OncePerRequestFilter.java:117)
	at org.springframework.security.web.FilterChainProxy$VirtualFilterChain.doFilter(FilterChainProxy.java:336)
	at org.springframework.security.web.session.DisableEncodeUrlFilter.doFilterInternal(DisableEncodeUrlFilter.java:42)
	at org.springframework.web.filter.OncePerRequestFilter.doFilter(OncePerRequestFilter.java:117)
	at org.springframework.security.web.FilterChainProxy$VirtualFilterChain.doFilter(FilterChainProxy.java:336)
	at org.springframework.security.web.FilterChainProxy.doFilterInternal(FilterChainProxy.java:211)
	at org.springframework.security.web.FilterChainProxy.doFilter(FilterChainProxy.java:183)
	at org.springframework.web.filter.DelegatingFilterProxy.invokeDelegate(DelegatingFilterProxy.java:354)
	at org.springframework.web.filter.DelegatingFilterProxy.doFilter(DelegatingFilterProxy.java:267)
	at org.apache.catalina.core.ApplicationFilterChain.internalDoFilter(ApplicationFilterChain.java:189)
	at org.apache.catalina.core.ApplicationFilterChain.doFilter(ApplicationFilterChain.java:162)
	at org.springframework.web.filter.RequestContextFilter.doFilterInternal(RequestContextFilter.java:100)
	at org.springframework.web.filter.OncePerRequestFilter.doFilter(OncePerRequestFilter.java:117)
	at org.apache.catalina.core.ApplicationFilterChain.internalDoFilter(ApplicationFilterChain.java:189)
	at org.apache.catalina.core.ApplicationFilterChain.doFilter(ApplicationFilterChain.java:162)
	at org.springframework.web.filter.FormContentFilter.doFilterInternal(FormContentFilter.java:93)
	at org.springframework.web.filter.OncePerRequestFilter.doFilter(OncePerRequestFilter.java:117)
	at org.apache.catalina.core.ApplicationFilterChain.internalDoFilter(ApplicationFilterChain.java:189)
	at org.apache.catalina.core.ApplicationFilterChain.doFilter(ApplicationFilterChain.java:162)
	at org.springframework.web.filter.CharacterEncodingFilter.doFilterInternal(CharacterEncodingFilter.java:201)
	at org.springframework.web.filter.OncePerRequestFilter.doFilter(OncePerRequestFilter.java:117)
	at org.apache.catalina.core.ApplicationFilterChain.internalDoFilter(ApplicationFilterChain.java:189)
	at org.apache.catalina.core.ApplicationFilterChain.doFilter(ApplicationFilterChain.java:162)
	at org.apache.catalina.core.StandardWrapperValve.invoke(StandardWrapperValve.java:197)
	at org.apache.catalina.core.StandardContextValve.invoke(StandardContextValve.java:97)
	at org.apache.catalina.authenticator.AuthenticatorBase.invoke(AuthenticatorBase.java:541)
	at org.apache.catalina.core.StandardHostValve.invoke(StandardHostValve.java:135)
	at org.apache.catalina.valves.ErrorReportValve.invoke(ErrorReportValve.java:92)
	at org.apache.catalina.core.StandardEngineValve.invoke(StandardEngineValve.java:78)
	at org.apache.catalina.connector.CoyoteAdapter.service(CoyoteAdapter.java:360)
	at org.apache.coyote.http11.Http11Processor.service(Http11Processor.java:399)
	at org.apache.coyote.AbstractProcessorLight.process(AbstractProcessorLight.java:65)
	at org.apache.coyote.AbstractProtocol$ConnectionHandler.process(AbstractProtocol.java:890)
	at org.apache.tomcat.util.net.NioEndpoint$SocketProcessor.doRun(NioEndpoint.java:1789)
	at org.apache.tomcat.util.net.SocketProcessorBase.run(SocketProcessorBase.java:49)
	at org.apache.tomcat.util.threads.ThreadPoolExecutor.runWorker(ThreadPoolExecutor.java:1191)
	at org.apache.tomcat.util.threads.ThreadPoolExecutor$Worker.run(ThreadPoolExecutor.java:659)
	at org.apache.tomcat.util.threads.TaskThread$WrappingRunnable.run(TaskThread.java:61)
	at java.lang.Thread.run(Thread.java:748)
2022-10-29 01:53:10 DEBUG com.bertopcu.KitchenWorld.service.RecipeService [http-nio-8090-exec-4] ::getRecipe starts ::loggedinUser:: bertopcu parameter(s):: 6
2022-10-29 01:53:10 DEBUG com.bertopcu.KitchenWorld.service.RecipeService [http-nio-8090-exec-4] ::getRecipe for:: Mercimek Çorbası
2022-10-29 01:54:51 DEBUG com.bertopcu.KitchenWorld.service.RecipeService [http-nio-8090-exec-7] ::getRecipe starts ::loggedinUser:: bertopcu parameter(s):: 7
2022-10-29 01:54:51 ERROR com.bertopcu.KitchenWorld.service.RecipeService [http-nio-8090-exec-7] ::error at getRecipe::
java.util.NoSuchElementException: No value present
	at java.util.Optional.get(Optional.java:135)
	at com.bertopcu.KitchenWorld.service.RecipeService.getRecipe(RecipeService.java:73)
	at com.bertopcu.KitchenWorld.service.RecipeService$$FastClassBySpringCGLIB$$e9c02597.invoke(<generated>)
	at org.springframework.cglib.proxy.MethodProxy.invoke(MethodProxy.java:218)
	at org.springframework.aop.framework.CglibAopProxy$CglibMethodInvocation.invokeJoinpoint(CglibAopProxy.java:793)
	at org.springframework.aop.framework.ReflectiveMethodInvocation.proceed(ReflectiveMethodInvocation.java:163)
	at org.springframework.aop.framework.CglibAopProxy$CglibMethodInvocation.proceed(CglibAopProxy.java:763)
	at org.springframework.transaction.interceptor.TransactionInterceptor$1.proceedWithInvocation(TransactionInterceptor.java:123)
	at org.springframework.transaction.interceptor.TransactionAspectSupport.invokeWithinTransaction(TransactionAspectSupport.java:388)
	at org.springframework.transaction.interceptor.TransactionInterceptor.invoke(TransactionInterceptor.java:119)
	at org.springframework.aop.framework.ReflectiveMethodInvocation.proceed(ReflectiveMethodInvocation.java:186)
	at org.springframework.aop.framework.CglibAopProxy$CglibMethodInvocation.proceed(CglibAopProxy.java:763)
	at org.springframework.aop.framework.CglibAopProxy$DynamicAdvisedInterceptor.intercept(CglibAopProxy.java:708)
	at com.bertopcu.KitchenWorld.service.RecipeService$$EnhancerBySpringCGLIB$$1075b068.getRecipe(<generated>)
	at com.bertopcu.KitchenWorld.fe.RecipeController.saveRecipeImg(RecipeController.java:95)
	at sun.reflect.NativeMethodAccessorImpl.invoke0(Native Method)
	at sun.reflect.NativeMethodAccessorImpl.invoke(NativeMethodAccessorImpl.java:62)
	at sun.reflect.DelegatingMethodAccessorImpl.invoke(DelegatingMethodAccessorImpl.java:43)
	at java.lang.reflect.Method.invoke(Method.java:498)
	at org.springframework.web.method.support.InvocableHandlerMethod.doInvoke(InvocableHandlerMethod.java:205)
	at org.springframework.web.method.support.InvocableHandlerMethod.invokeForRequest(InvocableHandlerMethod.java:150)
	at org.springframework.web.servlet.mvc.method.annotation.ServletInvocableHandlerMethod.invokeAndHandle(ServletInvocableHandlerMethod.java:117)
	at org.springframework.web.servlet.mvc.method.annotation.RequestMappingHandlerAdapter.invokeHandlerMethod(RequestMappingHandlerAdapter.java:895)
	at org.springframework.web.servlet.mvc.method.annotation.RequestMappingHandlerAdapter.handleInternal(RequestMappingHandlerAdapter.java:808)
	at org.springframework.web.servlet.mvc.method.AbstractHandlerMethodAdapter.handle(AbstractHandlerMethodAdapter.java:87)
	at org.springframework.web.servlet.DispatcherServlet.doDispatch(DispatcherServlet.java:1070)
	at org.springframework.web.servlet.DispatcherServlet.doService(DispatcherServlet.java:963)
	at org.springframework.web.servlet.FrameworkServlet.processRequest(FrameworkServlet.java:1006)
	at org.springframework.web.servlet.FrameworkServlet.doPost(FrameworkServlet.java:909)
	at javax.servlet.http.HttpServlet.service(HttpServlet.java:681)
	at org.springframework.web.servlet.FrameworkServlet.service(FrameworkServlet.java:883)
	at javax.servlet.http.HttpServlet.service(HttpServlet.java:764)
	at org.apache.catalina.core.ApplicationFilterChain.internalDoFilter(ApplicationFilterChain.java:227)
	at org.apache.catalina.core.ApplicationFilterChain.doFilter(ApplicationFilterChain.java:162)
	at org.apache.tomcat.websocket.server.WsFilter.doFilter(WsFilter.java:53)
	at org.apache.catalina.core.ApplicationFilterChain.internalDoFilter(ApplicationFilterChain.java:189)
	at org.apache.catalina.core.ApplicationFilterChain.doFilter(ApplicationFilterChain.java:162)
	at org.springframework.security.web.FilterChainProxy$VirtualFilterChain.doFilter(FilterChainProxy.java:327)
	at org.springframework.security.web.access.intercept.FilterSecurityInterceptor.invoke(FilterSecurityInterceptor.java:115)
	at org.springframework.security.web.access.intercept.FilterSecurityInterceptor.doFilter(FilterSecurityInterceptor.java:81)
	at org.springframework.security.web.FilterChainProxy$VirtualFilterChain.doFilter(FilterChainProxy.java:336)
	at org.springframework.security.web.access.ExceptionTranslationFilter.doFilter(ExceptionTranslationFilter.java:122)
	at org.springframework.security.web.access.ExceptionTranslationFilter.doFilter(ExceptionTranslationFilter.java:116)
	at org.springframework.security.web.FilterChainProxy$VirtualFilterChain.doFilter(FilterChainProxy.java:336)
	at org.springframework.security.web.session.SessionManagementFilter.doFilter(SessionManagementFilter.java:126)
	at org.springframework.security.web.session.SessionManagementFilter.doFilter(SessionManagementFilter.java:81)
	at org.springframework.security.web.FilterChainProxy$VirtualFilterChain.doFilter(FilterChainProxy.java:336)
	at org.springframework.security.web.authentication.AnonymousAuthenticationFilter.doFilter(AnonymousAuthenticationFilter.java:109)
	at org.springframework.security.web.FilterChainProxy$VirtualFilterChain.doFilter(FilterChainProxy.java:336)
	at org.springframework.security.web.servletapi.SecurityContextHolderAwareRequestFilter.doFilter(SecurityContextHolderAwareRequestFilter.java:149)
	at org.springframework.security.web.FilterChainProxy$VirtualFilterChain.doFilter(FilterChainProxy.java:336)
	at org.springframework.security.web.savedrequest.RequestCacheAwareFilter.doFilter(RequestCacheAwareFilter.java:63)
	at org.springframework.security.web.FilterChainProxy$VirtualFilterChain.doFilter(FilterChainProxy.java:336)
	at org.springframework.security.web.authentication.www.BasicAuthenticationFilter.doFilterInternal(BasicAuthenticationFilter.java:198)
	at org.springframework.web.filter.OncePerRequestFilter.doFilter(OncePerRequestFilter.java:117)
	at org.springframework.security.web.FilterChainProxy$VirtualFilterChain.doFilter(FilterChainProxy.java:336)
	at org.springframework.security.web.authentication.ui.DefaultLogoutPageGeneratingFilter.doFilterInternal(DefaultLogoutPageGeneratingFilter.java:58)
	at org.springframework.web.filter.OncePerRequestFilter.doFilter(OncePerRequestFilter.java:117)
	at org.springframework.security.web.FilterChainProxy$VirtualFilterChain.doFilter(FilterChainProxy.java:336)
	at org.springframework.security.web.authentication.ui.DefaultLoginPageGeneratingFilter.doFilter(DefaultLoginPageGeneratingFilter.java:237)
	at org.springframework.security.web.authentication.ui.DefaultLoginPageGeneratingFilter.doFilter(DefaultLoginPageGeneratingFilter.java:223)
	at org.springframework.security.web.FilterChainProxy$VirtualFilterChain.doFilter(FilterChainProxy.java:336)
	at org.springframework.security.web.authentication.AbstractAuthenticationProcessingFilter.doFilter(AbstractAuthenticationProcessingFilter.java:223)
	at org.springframework.security.web.authentication.AbstractAuthenticationProcessingFilter.doFilter(AbstractAuthenticationProcessingFilter.java:217)
	at org.springframework.security.web.FilterChainProxy$VirtualFilterChain.doFilter(FilterChainProxy.java:336)
	at org.springframework.security.web.authentication.logout.LogoutFilter.doFilter(LogoutFilter.java:103)
	at org.springframework.security.web.authentication.logout.LogoutFilter.doFilter(LogoutFilter.java:89)
	at org.springframework.security.web.FilterChainProxy$VirtualFilterChain.doFilter(FilterChainProxy.java:336)
	at org.springframework.web.filter.CorsFilter.doFilterInternal(CorsFilter.java:91)
	at org.springframework.web.filter.OncePerRequestFilter.doFilter(OncePerRequestFilter.java:117)
	at org.springframework.security.web.FilterChainProxy$VirtualFilterChain.doFilter(FilterChainProxy.java:336)
	at org.springframework.security.web.header.HeaderWriterFilter.doHeadersAfter(HeaderWriterFilter.java:90)
	at org.springframework.security.web.header.HeaderWriterFilter.doFilterInternal(HeaderWriterFilter.java:75)
	at org.springframework.web.filter.OncePerRequestFilter.doFilter(OncePerRequestFilter.java:117)
	at org.springframework.security.web.FilterChainProxy$VirtualFilterChain.doFilter(FilterChainProxy.java:336)
	at org.springframework.security.web.context.SecurityContextPersistenceFilter.doFilter(SecurityContextPersistenceFilter.java:112)
	at org.springframework.security.web.context.SecurityContextPersistenceFilter.doFilter(SecurityContextPersistenceFilter.java:82)
	at org.springframework.security.web.FilterChainProxy$VirtualFilterChain.doFilter(FilterChainProxy.java:336)
	at org.springframework.security.web.context.request.async.WebAsyncManagerIntegrationFilter.doFilterInternal(WebAsyncManagerIntegrationFilter.java:55)
	at org.springframework.web.filter.OncePerRequestFilter.doFilter(OncePerRequestFilter.java:117)
	at org.springframework.security.web.FilterChainProxy$VirtualFilterChain.doFilter(FilterChainProxy.java:336)
	at org.springframework.security.web.session.DisableEncodeUrlFilter.doFilterInternal(DisableEncodeUrlFilter.java:42)
	at org.springframework.web.filter.OncePerRequestFilter.doFilter(OncePerRequestFilter.java:117)
	at org.springframework.security.web.FilterChainProxy$VirtualFilterChain.doFilter(FilterChainProxy.java:336)
	at org.springframework.security.web.FilterChainProxy.doFilterInternal(FilterChainProxy.java:211)
	at org.springframework.security.web.FilterChainProxy.doFilter(FilterChainProxy.java:183)
	at org.springframework.web.filter.DelegatingFilterProxy.invokeDelegate(DelegatingFilterProxy.java:354)
	at org.springframework.web.filter.DelegatingFilterProxy.doFilter(DelegatingFilterProxy.java:267)
	at org.apache.catalina.core.ApplicationFilterChain.internalDoFilter(ApplicationFilterChain.java:189)
	at org.apache.catalina.core.ApplicationFilterChain.doFilter(ApplicationFilterChain.java:162)
	at org.springframework.web.filter.RequestContextFilter.doFilterInternal(RequestContextFilter.java:100)
	at org.springframework.web.filter.OncePerRequestFilter.doFilter(OncePerRequestFilter.java:117)
	at org.apache.catalina.core.ApplicationFilterChain.internalDoFilter(ApplicationFilterChain.java:189)
	at org.apache.catalina.core.ApplicationFilterChain.doFilter(ApplicationFilterChain.java:162)
	at org.springframework.web.filter.FormContentFilter.doFilterInternal(FormContentFilter.java:93)
	at org.springframework.web.filter.OncePerRequestFilter.doFilter(OncePerRequestFilter.java:117)
	at org.apache.catalina.core.ApplicationFilterChain.internalDoFilter(ApplicationFilterChain.java:189)
	at org.apache.catalina.core.ApplicationFilterChain.doFilter(ApplicationFilterChain.java:162)
	at org.springframework.web.filter.CharacterEncodingFilter.doFilterInternal(CharacterEncodingFilter.java:201)
	at org.springframework.web.filter.OncePerRequestFilter.doFilter(OncePerRequestFilter.java:117)
	at org.apache.catalina.core.ApplicationFilterChain.internalDoFilter(ApplicationFilterChain.java:189)
	at org.apache.catalina.core.ApplicationFilterChain.doFilter(ApplicationFilterChain.java:162)
	at org.apache.catalina.core.StandardWrapperValve.invoke(StandardWrapperValve.java:197)
	at org.apache.catalina.core.StandardContextValve.invoke(StandardContextValve.java:97)
	at org.apache.catalina.authenticator.AuthenticatorBase.invoke(AuthenticatorBase.java:541)
	at org.apache.catalina.core.StandardHostValve.invoke(StandardHostValve.java:135)
	at org.apache.catalina.valves.ErrorReportValve.invoke(ErrorReportValve.java:92)
	at org.apache.catalina.core.StandardEngineValve.invoke(StandardEngineValve.java:78)
	at org.apache.catalina.connector.CoyoteAdapter.service(CoyoteAdapter.java:360)
	at org.apache.coyote.http11.Http11Processor.service(Http11Processor.java:399)
	at org.apache.coyote.AbstractProcessorLight.process(AbstractProcessorLight.java:65)
	at org.apache.coyote.AbstractProtocol$ConnectionHandler.process(AbstractProtocol.java:890)
	at org.apache.tomcat.util.net.NioEndpoint$SocketProcessor.doRun(NioEndpoint.java:1789)
	at org.apache.tomcat.util.net.SocketProcessorBase.run(SocketProcessorBase.java:49)
	at org.apache.tomcat.util.threads.ThreadPoolExecutor.runWorker(ThreadPoolExecutor.java:1191)
	at org.apache.tomcat.util.threads.ThreadPoolExecutor$Worker.run(ThreadPoolExecutor.java:659)
	at org.apache.tomcat.util.threads.TaskThread$WrappingRunnable.run(TaskThread.java:61)
	at java.lang.Thread.run(Thread.java:748)
2022-10-29 01:54:56 DEBUG com.bertopcu.KitchenWorld.service.RecipeService [http-nio-8090-exec-9] ::getRecipe starts ::loggedinUser:: bertopcu parameter(s):: 8
2022-10-29 01:54:56 DEBUG com.bertopcu.KitchenWorld.service.RecipeService [http-nio-8090-exec-9] ::getRecipe for:: Sütlü Domates Çorbası
2022-10-29 01:58:39 DEBUG com.bertopcu.KitchenWorld.service.RecipeService [http-nio-8090-exec-1] ::getRecipe starts ::loggedinUser:: bertopcu parameter(s):: 8
2022-10-29 01:58:39 DEBUG com.bertopcu.KitchenWorld.service.RecipeService [http-nio-8090-exec-1] ::getRecipe for:: Sütlü Domates Çorbası
2022-10-29 01:59:06 DEBUG com.bertopcu.KitchenWorld.service.RecipeService [http-nio-8090-exec-3] ::getRecipe starts ::loggedinUser:: bertopcu parameter(s):: 1
2022-10-29 01:59:06 DEBUG com.bertopcu.KitchenWorld.service.RecipeService [http-nio-8090-exec-3] ::getRecipe for:: Geleneksel  Köfte
2022-10-29 02:30:46 DEBUG com.bertopcu.KitchenWorld.service.RecipeService [http-nio-8090-exec-1] ::getRecipe starts ::loggedinUser:: bertopcu parameter(s):: 9
2022-10-29 02:30:46 DEBUG com.bertopcu.KitchenWorld.service.RecipeService [http-nio-8090-exec-1] ::getRecipe for:: Kuzu Pirzola
2022-10-29 02:31:20 DEBUG com.bertopcu.KitchenWorld.service.RecipeService [http-nio-8090-exec-2] ::getRecipe starts ::loggedinUser:: bertopcu parameter(s):: 9
2022-10-29 02:31:20 DEBUG com.bertopcu.KitchenWorld.service.RecipeService [http-nio-8090-exec-2] ::getRecipe for:: Kuzu Pirzola
2022-10-29 02:37:15 DEBUG com.bertopcu.KitchenWorld.service.RecipeService [http-nio-8090-exec-5] ::getRecipesByCategory starts:: ::param(s):: 2 ::loggedinUser:: bertopcu
2022-10-29 02:37:15 DEBUG com.bertopcu.KitchenWorld.service.RecipeService [http-nio-8090-exec-5] ::getRecipesByCategory:: Et Yemekleri ::total size:: 17
2022-10-29 02:40:38 DEBUG com.bertopcu.KitchenWorld.service.RecipeService [http-nio-8090-exec-6] ::getRecipesByMaterials ::loggedinUser:: bertopcu parameter(s):: [78]
2022-10-29 02:40:38 DEBUG com.bertopcu.KitchenWorld.service.RecipeService [http-nio-8090-exec-6] ::getRecipesByMaterials resultSize:: 2 
2022-10-29 03:17:41 DEBUG com.bertopcu.KitchenWorld.service.RecipeService [http-nio-8090-exec-1] ::saveRecipe starts:: TestDummyDr ::loggedinUser:: bertopcu
2022-10-29 03:17:41 ERROR com.bertopcu.KitchenWorld.service.RecipeService [http-nio-8090-exec-1] ::error at saveRecipe::
java.lang.NullPointerException: null
	at com.bertopcu.KitchenWorld.service.RecipeService.saveRecipe(RecipeService.java:61)
	at com.bertopcu.KitchenWorld.service.RecipeService$$FastClassBySpringCGLIB$$e9c02597.invoke(<generated>)
	at org.springframework.cglib.proxy.MethodProxy.invoke(MethodProxy.java:218)
	at org.springframework.aop.framework.CglibAopProxy$CglibMethodInvocation.invokeJoinpoint(CglibAopProxy.java:793)
	at org.springframework.aop.framework.ReflectiveMethodInvocation.proceed(ReflectiveMethodInvocation.java:163)
	at org.springframework.aop.framework.CglibAopProxy$CglibMethodInvocation.proceed(CglibAopProxy.java:763)
	at org.springframework.transaction.interceptor.TransactionInterceptor$1.proceedWithInvocation(TransactionInterceptor.java:123)
	at org.springframework.transaction.interceptor.TransactionAspectSupport.invokeWithinTransaction(TransactionAspectSupport.java:388)
	at org.springframework.transaction.interceptor.TransactionInterceptor.invoke(TransactionInterceptor.java:119)
	at org.springframework.aop.framework.ReflectiveMethodInvocation.proceed(ReflectiveMethodInvocation.java:186)
	at org.springframework.aop.framework.CglibAopProxy$CglibMethodInvocation.proceed(CglibAopProxy.java:763)
	at org.springframework.aop.framework.CglibAopProxy$DynamicAdvisedInterceptor.intercept(CglibAopProxy.java:708)
	at com.bertopcu.KitchenWorld.service.RecipeService$$EnhancerBySpringCGLIB$$6d94a77c.saveRecipe(<generated>)
	at com.bertopcu.KitchenWorld.fe.RecipeController.add(RecipeController.java:47)
	at sun.reflect.NativeMethodAccessorImpl.invoke0(Native Method)
	at sun.reflect.NativeMethodAccessorImpl.invoke(NativeMethodAccessorImpl.java:62)
	at sun.reflect.DelegatingMethodAccessorImpl.invoke(DelegatingMethodAccessorImpl.java:43)
	at java.lang.reflect.Method.invoke(Method.java:498)
	at org.springframework.web.method.support.InvocableHandlerMethod.doInvoke(InvocableHandlerMethod.java:205)
	at org.springframework.web.method.support.InvocableHandlerMethod.invokeForRequest(InvocableHandlerMethod.java:150)
	at org.springframework.web.servlet.mvc.method.annotation.ServletInvocableHandlerMethod.invokeAndHandle(ServletInvocableHandlerMethod.java:117)
	at org.springframework.web.servlet.mvc.method.annotation.RequestMappingHandlerAdapter.invokeHandlerMethod(RequestMappingHandlerAdapter.java:895)
	at org.springframework.web.servlet.mvc.method.annotation.RequestMappingHandlerAdapter.handleInternal(RequestMappingHandlerAdapter.java:808)
	at org.springframework.web.servlet.mvc.method.AbstractHandlerMethodAdapter.handle(AbstractHandlerMethodAdapter.java:87)
	at org.springframework.web.servlet.DispatcherServlet.doDispatch(DispatcherServlet.java:1070)
	at org.springframework.web.servlet.DispatcherServlet.doService(DispatcherServlet.java:963)
	at org.springframework.web.servlet.FrameworkServlet.processRequest(FrameworkServlet.java:1006)
	at org.springframework.web.servlet.FrameworkServlet.doPost(FrameworkServlet.java:909)
	at javax.servlet.http.HttpServlet.service(HttpServlet.java:681)
	at org.springframework.web.servlet.FrameworkServlet.service(FrameworkServlet.java:883)
	at javax.servlet.http.HttpServlet.service(HttpServlet.java:764)
	at org.apache.catalina.core.ApplicationFilterChain.internalDoFilter(ApplicationFilterChain.java:227)
	at org.apache.catalina.core.ApplicationFilterChain.doFilter(ApplicationFilterChain.java:162)
	at org.apache.tomcat.websocket.server.WsFilter.doFilter(WsFilter.java:53)
	at org.apache.catalina.core.ApplicationFilterChain.internalDoFilter(ApplicationFilterChain.java:189)
	at org.apache.catalina.core.ApplicationFilterChain.doFilter(ApplicationFilterChain.java:162)
	at org.springframework.security.web.FilterChainProxy$VirtualFilterChain.doFilter(FilterChainProxy.java:327)
	at org.springframework.security.web.access.intercept.FilterSecurityInterceptor.invoke(FilterSecurityInterceptor.java:115)
	at org.springframework.security.web.access.intercept.FilterSecurityInterceptor.doFilter(FilterSecurityInterceptor.java:81)
	at org.springframework.security.web.FilterChainProxy$VirtualFilterChain.doFilter(FilterChainProxy.java:336)
	at org.springframework.security.web.access.ExceptionTranslationFilter.doFilter(ExceptionTranslationFilter.java:122)
	at org.springframework.security.web.access.ExceptionTranslationFilter.doFilter(ExceptionTranslationFilter.java:116)
	at org.springframework.security.web.FilterChainProxy$VirtualFilterChain.doFilter(FilterChainProxy.java:336)
	at org.springframework.security.web.session.SessionManagementFilter.doFilter(SessionManagementFilter.java:126)
	at org.springframework.security.web.session.SessionManagementFilter.doFilter(SessionManagementFilter.java:81)
	at org.springframework.security.web.FilterChainProxy$VirtualFilterChain.doFilter(FilterChainProxy.java:336)
	at org.springframework.security.web.authentication.AnonymousAuthenticationFilter.doFilter(AnonymousAuthenticationFilter.java:109)
	at org.springframework.security.web.FilterChainProxy$VirtualFilterChain.doFilter(FilterChainProxy.java:336)
	at org.springframework.security.web.servletapi.SecurityContextHolderAwareRequestFilter.doFilter(SecurityContextHolderAwareRequestFilter.java:149)
	at org.springframework.security.web.FilterChainProxy$VirtualFilterChain.doFilter(FilterChainProxy.java:336)
	at org.springframework.security.web.savedrequest.RequestCacheAwareFilter.doFilter(RequestCacheAwareFilter.java:63)
	at org.springframework.security.web.FilterChainProxy$VirtualFilterChain.doFilter(FilterChainProxy.java:336)
	at org.springframework.security.web.authentication.www.BasicAuthenticationFilter.doFilterInternal(BasicAuthenticationFilter.java:198)
	at org.springframework.web.filter.OncePerRequestFilter.doFilter(OncePerRequestFilter.java:117)
	at org.springframework.security.web.FilterChainProxy$VirtualFilterChain.doFilter(FilterChainProxy.java:336)
	at org.springframework.security.web.authentication.ui.DefaultLogoutPageGeneratingFilter.doFilterInternal(DefaultLogoutPageGeneratingFilter.java:58)
	at org.springframework.web.filter.OncePerRequestFilter.doFilter(OncePerRequestFilter.java:117)
	at org.springframework.security.web.FilterChainProxy$VirtualFilterChain.doFilter(FilterChainProxy.java:336)
	at org.springframework.security.web.authentication.ui.DefaultLoginPageGeneratingFilter.doFilter(DefaultLoginPageGeneratingFilter.java:237)
	at org.springframework.security.web.authentication.ui.DefaultLoginPageGeneratingFilter.doFilter(DefaultLoginPageGeneratingFilter.java:223)
	at org.springframework.security.web.FilterChainProxy$VirtualFilterChain.doFilter(FilterChainProxy.java:336)
	at org.springframework.security.web.authentication.AbstractAuthenticationProcessingFilter.doFilter(AbstractAuthenticationProcessingFilter.java:223)
	at org.springframework.security.web.authentication.AbstractAuthenticationProcessingFilter.doFilter(AbstractAuthenticationProcessingFilter.java:217)
	at org.springframework.security.web.FilterChainProxy$VirtualFilterChain.doFilter(FilterChainProxy.java:336)
	at org.springframework.security.web.authentication.logout.LogoutFilter.doFilter(LogoutFilter.java:103)
	at org.springframework.security.web.authentication.logout.LogoutFilter.doFilter(LogoutFilter.java:89)
	at org.springframework.security.web.FilterChainProxy$VirtualFilterChain.doFilter(FilterChainProxy.java:336)
	at org.springframework.web.filter.CorsFilter.doFilterInternal(CorsFilter.java:91)
	at org.springframework.web.filter.OncePerRequestFilter.doFilter(OncePerRequestFilter.java:117)
	at org.springframework.security.web.FilterChainProxy$VirtualFilterChain.doFilter(FilterChainProxy.java:336)
	at org.springframework.security.web.header.HeaderWriterFilter.doHeadersAfter(HeaderWriterFilter.java:90)
	at org.springframework.security.web.header.HeaderWriterFilter.doFilterInternal(HeaderWriterFilter.java:75)
	at org.springframework.web.filter.OncePerRequestFilter.doFilter(OncePerRequestFilter.java:117)
	at org.springframework.security.web.FilterChainProxy$VirtualFilterChain.doFilter(FilterChainProxy.java:336)
	at org.springframework.security.web.context.SecurityContextPersistenceFilter.doFilter(SecurityContextPersistenceFilter.java:112)
	at org.springframework.security.web.context.SecurityContextPersistenceFilter.doFilter(SecurityContextPersistenceFilter.java:82)
	at org.springframework.security.web.FilterChainProxy$VirtualFilterChain.doFilter(FilterChainProxy.java:336)
	at org.springframework.security.web.context.request.async.WebAsyncManagerIntegrationFilter.doFilterInternal(WebAsyncManagerIntegrationFilter.java:55)
	at org.springframework.web.filter.OncePerRequestFilter.doFilter(OncePerRequestFilter.java:117)
	at org.springframework.security.web.FilterChainProxy$VirtualFilterChain.doFilter(FilterChainProxy.java:336)
	at org.springframework.security.web.session.DisableEncodeUrlFilter.doFilterInternal(DisableEncodeUrlFilter.java:42)
	at org.springframework.web.filter.OncePerRequestFilter.doFilter(OncePerRequestFilter.java:117)
	at org.springframework.security.web.FilterChainProxy$VirtualFilterChain.doFilter(FilterChainProxy.java:336)
	at org.springframework.security.web.FilterChainProxy.doFilterInternal(FilterChainProxy.java:211)
	at org.springframework.security.web.FilterChainProxy.doFilter(FilterChainProxy.java:183)
	at org.springframework.web.filter.DelegatingFilterProxy.invokeDelegate(DelegatingFilterProxy.java:354)
	at org.springframework.web.filter.DelegatingFilterProxy.doFilter(DelegatingFilterProxy.java:267)
	at org.apache.catalina.core.ApplicationFilterChain.internalDoFilter(ApplicationFilterChain.java:189)
	at org.apache.catalina.core.ApplicationFilterChain.doFilter(ApplicationFilterChain.java:162)
	at org.springframework.web.filter.RequestContextFilter.doFilterInternal(RequestContextFilter.java:100)
	at org.springframework.web.filter.OncePerRequestFilter.doFilter(OncePerRequestFilter.java:117)
	at org.apache.catalina.core.ApplicationFilterChain.internalDoFilter(ApplicationFilterChain.java:189)
	at org.apache.catalina.core.ApplicationFilterChain.doFilter(ApplicationFilterChain.java:162)
	at org.springframework.web.filter.FormContentFilter.doFilterInternal(FormContentFilter.java:93)
	at org.springframework.web.filter.OncePerRequestFilter.doFilter(OncePerRequestFilter.java:117)
	at org.apache.catalina.core.ApplicationFilterChain.internalDoFilter(ApplicationFilterChain.java:189)
	at org.apache.catalina.core.ApplicationFilterChain.doFilter(ApplicationFilterChain.java:162)
	at org.springframework.web.filter.CharacterEncodingFilter.doFilterInternal(CharacterEncodingFilter.java:201)
	at org.springframework.web.filter.OncePerRequestFilter.doFilter(OncePerRequestFilter.java:117)
	at org.apache.catalina.core.ApplicationFilterChain.internalDoFilter(ApplicationFilterChain.java:189)
	at org.apache.catalina.core.ApplicationFilterChain.doFilter(ApplicationFilterChain.java:162)
	at org.apache.catalina.core.StandardWrapperValve.invoke(StandardWrapperValve.java:197)
	at org.apache.catalina.core.StandardContextValve.invoke(StandardContextValve.java:97)
	at org.apache.catalina.authenticator.AuthenticatorBase.invoke(AuthenticatorBase.java:541)
	at org.apache.catalina.core.StandardHostValve.invoke(StandardHostValve.java:135)
	at org.apache.catalina.valves.ErrorReportValve.invoke(ErrorReportValve.java:92)
	at org.apache.catalina.core.StandardEngineValve.invoke(StandardEngineValve.java:78)
	at org.apache.catalina.connector.CoyoteAdapter.service(CoyoteAdapter.java:360)
	at org.apache.coyote.http11.Http11Processor.service(Http11Processor.java:399)
	at org.apache.coyote.AbstractProcessorLight.process(AbstractProcessorLight.java:65)
	at org.apache.coyote.AbstractProtocol$ConnectionHandler.process(AbstractProtocol.java:890)
	at org.apache.tomcat.util.net.NioEndpoint$SocketProcessor.doRun(NioEndpoint.java:1789)
	at org.apache.tomcat.util.net.SocketProcessorBase.run(SocketProcessorBase.java:49)
	at org.apache.tomcat.util.threads.ThreadPoolExecutor.runWorker(ThreadPoolExecutor.java:1191)
	at org.apache.tomcat.util.threads.ThreadPoolExecutor$Worker.run(ThreadPoolExecutor.java:659)
	at org.apache.tomcat.util.threads.TaskThread$WrappingRunnable.run(TaskThread.java:61)
	at java.lang.Thread.run(Thread.java:748)
2022-10-29 03:20:01 DEBUG com.bertopcu.KitchenWorld.service.RecipeService [http-nio-8090-exec-1] {"id":0,"name":"TestDummyDr","description":"TestDummyDr","howToMake":"Shaker’a 3 küp buz, votka, şeftali likörü ve portakal suyunu koyun.İyice sallayın.Kapağını çıkartın ve süzgeci takın.Bir bardağı buz ile doldurun.Bardağa içeceği süzerek boşaltın.Nar suyunu ekleyin.Afiyet olsun..","userId":2,"imageUrl":"","categoryId":7,"createdDate":"Jul 31, 2022 2:10:00 AM"}
2022-10-29 03:20:01 DEBUG com.bertopcu.KitchenWorld.service.RecipeService [http-nio-8090-exec-1] ::saveRecipe starts:: TestDummyDr ::loggedinUser:: bertopcu
2022-10-29 03:20:01 ERROR com.bertopcu.KitchenWorld.service.RecipeService [http-nio-8090-exec-1] ::error at saveRecipe::
java.lang.NullPointerException: null
	at com.bertopcu.KitchenWorld.service.RecipeService.saveRecipe(RecipeService.java:63)
	at com.bertopcu.KitchenWorld.service.RecipeService$$FastClassBySpringCGLIB$$e9c02597.invoke(<generated>)
	at org.springframework.cglib.proxy.MethodProxy.invoke(MethodProxy.java:218)
	at org.springframework.aop.framework.CglibAopProxy$CglibMethodInvocation.invokeJoinpoint(CglibAopProxy.java:793)
	at org.springframework.aop.framework.ReflectiveMethodInvocation.proceed(ReflectiveMethodInvocation.java:163)
	at org.springframework.aop.framework.CglibAopProxy$CglibMethodInvocation.proceed(CglibAopProxy.java:763)
	at org.springframework.transaction.interceptor.TransactionInterceptor$1.proceedWithInvocation(TransactionInterceptor.java:123)
	at org.springframework.transaction.interceptor.TransactionAspectSupport.invokeWithinTransaction(TransactionAspectSupport.java:388)
	at org.springframework.transaction.interceptor.TransactionInterceptor.invoke(TransactionInterceptor.java:119)
	at org.springframework.aop.framework.ReflectiveMethodInvocation.proceed(ReflectiveMethodInvocation.java:186)
	at org.springframework.aop.framework.CglibAopProxy$CglibMethodInvocation.proceed(CglibAopProxy.java:763)
	at org.springframework.aop.framework.CglibAopProxy$DynamicAdvisedInterceptor.intercept(CglibAopProxy.java:708)
	at com.bertopcu.KitchenWorld.service.RecipeService$$EnhancerBySpringCGLIB$$9d04d7c8.saveRecipe(<generated>)
	at com.bertopcu.KitchenWorld.fe.RecipeController.add(RecipeController.java:47)
	at sun.reflect.NativeMethodAccessorImpl.invoke0(Native Method)
	at sun.reflect.NativeMethodAccessorImpl.invoke(NativeMethodAccessorImpl.java:62)
	at sun.reflect.DelegatingMethodAccessorImpl.invoke(DelegatingMethodAccessorImpl.java:43)
	at java.lang.reflect.Method.invoke(Method.java:498)
	at org.springframework.web.method.support.InvocableHandlerMethod.doInvoke(InvocableHandlerMethod.java:205)
	at org.springframework.web.method.support.InvocableHandlerMethod.invokeForRequest(InvocableHandlerMethod.java:150)
	at org.springframework.web.servlet.mvc.method.annotation.ServletInvocableHandlerMethod.invokeAndHandle(ServletInvocableHandlerMethod.java:117)
	at org.springframework.web.servlet.mvc.method.annotation.RequestMappingHandlerAdapter.invokeHandlerMethod(RequestMappingHandlerAdapter.java:895)
	at org.springframework.web.servlet.mvc.method.annotation.RequestMappingHandlerAdapter.handleInternal(RequestMappingHandlerAdapter.java:808)
	at org.springframework.web.servlet.mvc.method.AbstractHandlerMethodAdapter.handle(AbstractHandlerMethodAdapter.java:87)
	at org.springframework.web.servlet.DispatcherServlet.doDispatch(DispatcherServlet.java:1070)
	at org.springframework.web.servlet.DispatcherServlet.doService(DispatcherServlet.java:963)
	at org.springframework.web.servlet.FrameworkServlet.processRequest(FrameworkServlet.java:1006)
	at org.springframework.web.servlet.FrameworkServlet.doPost(FrameworkServlet.java:909)
	at javax.servlet.http.HttpServlet.service(HttpServlet.java:681)
	at org.springframework.web.servlet.FrameworkServlet.service(FrameworkServlet.java:883)
	at javax.servlet.http.HttpServlet.service(HttpServlet.java:764)
	at org.apache.catalina.core.ApplicationFilterChain.internalDoFilter(ApplicationFilterChain.java:227)
	at org.apache.catalina.core.ApplicationFilterChain.doFilter(ApplicationFilterChain.java:162)
	at org.apache.tomcat.websocket.server.WsFilter.doFilter(WsFilter.java:53)
	at org.apache.catalina.core.ApplicationFilterChain.internalDoFilter(ApplicationFilterChain.java:189)
	at org.apache.catalina.core.ApplicationFilterChain.doFilter(ApplicationFilterChain.java:162)
	at org.springframework.security.web.FilterChainProxy$VirtualFilterChain.doFilter(FilterChainProxy.java:327)
	at org.springframework.security.web.access.intercept.FilterSecurityInterceptor.invoke(FilterSecurityInterceptor.java:115)
	at org.springframework.security.web.access.intercept.FilterSecurityInterceptor.doFilter(FilterSecurityInterceptor.java:81)
	at org.springframework.security.web.FilterChainProxy$VirtualFilterChain.doFilter(FilterChainProxy.java:336)
	at org.springframework.security.web.access.ExceptionTranslationFilter.doFilter(ExceptionTranslationFilter.java:122)
	at org.springframework.security.web.access.ExceptionTranslationFilter.doFilter(ExceptionTranslationFilter.java:116)
	at org.springframework.security.web.FilterChainProxy$VirtualFilterChain.doFilter(FilterChainProxy.java:336)
	at org.springframework.security.web.session.SessionManagementFilter.doFilter(SessionManagementFilter.java:126)
	at org.springframework.security.web.session.SessionManagementFilter.doFilter(SessionManagementFilter.java:81)
	at org.springframework.security.web.FilterChainProxy$VirtualFilterChain.doFilter(FilterChainProxy.java:336)
	at org.springframework.security.web.authentication.AnonymousAuthenticationFilter.doFilter(AnonymousAuthenticationFilter.java:109)
	at org.springframework.security.web.FilterChainProxy$VirtualFilterChain.doFilter(FilterChainProxy.java:336)
	at org.springframework.security.web.servletapi.SecurityContextHolderAwareRequestFilter.doFilter(SecurityContextHolderAwareRequestFilter.java:149)
	at org.springframework.security.web.FilterChainProxy$VirtualFilterChain.doFilter(FilterChainProxy.java:336)
	at org.springframework.security.web.savedrequest.RequestCacheAwareFilter.doFilter(RequestCacheAwareFilter.java:63)
	at org.springframework.security.web.FilterChainProxy$VirtualFilterChain.doFilter(FilterChainProxy.java:336)
	at org.springframework.security.web.authentication.www.BasicAuthenticationFilter.doFilterInternal(BasicAuthenticationFilter.java:198)
	at org.springframework.web.filter.OncePerRequestFilter.doFilter(OncePerRequestFilter.java:117)
	at org.springframework.security.web.FilterChainProxy$VirtualFilterChain.doFilter(FilterChainProxy.java:336)
	at org.springframework.security.web.authentication.ui.DefaultLogoutPageGeneratingFilter.doFilterInternal(DefaultLogoutPageGeneratingFilter.java:58)
	at org.springframework.web.filter.OncePerRequestFilter.doFilter(OncePerRequestFilter.java:117)
	at org.springframework.security.web.FilterChainProxy$VirtualFilterChain.doFilter(FilterChainProxy.java:336)
	at org.springframework.security.web.authentication.ui.DefaultLoginPageGeneratingFilter.doFilter(DefaultLoginPageGeneratingFilter.java:237)
	at org.springframework.security.web.authentication.ui.DefaultLoginPageGeneratingFilter.doFilter(DefaultLoginPageGeneratingFilter.java:223)
	at org.springframework.security.web.FilterChainProxy$VirtualFilterChain.doFilter(FilterChainProxy.java:336)
	at org.springframework.security.web.authentication.AbstractAuthenticationProcessingFilter.doFilter(AbstractAuthenticationProcessingFilter.java:223)
	at org.springframework.security.web.authentication.AbstractAuthenticationProcessingFilter.doFilter(AbstractAuthenticationProcessingFilter.java:217)
	at org.springframework.security.web.FilterChainProxy$VirtualFilterChain.doFilter(FilterChainProxy.java:336)
	at org.springframework.security.web.authentication.logout.LogoutFilter.doFilter(LogoutFilter.java:103)
	at org.springframework.security.web.authentication.logout.LogoutFilter.doFilter(LogoutFilter.java:89)
	at org.springframework.security.web.FilterChainProxy$VirtualFilterChain.doFilter(FilterChainProxy.java:336)
	at org.springframework.web.filter.CorsFilter.doFilterInternal(CorsFilter.java:91)
	at org.springframework.web.filter.OncePerRequestFilter.doFilter(OncePerRequestFilter.java:117)
	at org.springframework.security.web.FilterChainProxy$VirtualFilterChain.doFilter(FilterChainProxy.java:336)
	at org.springframework.security.web.header.HeaderWriterFilter.doHeadersAfter(HeaderWriterFilter.java:90)
	at org.springframework.security.web.header.HeaderWriterFilter.doFilterInternal(HeaderWriterFilter.java:75)
	at org.springframework.web.filter.OncePerRequestFilter.doFilter(OncePerRequestFilter.java:117)
	at org.springframework.security.web.FilterChainProxy$VirtualFilterChain.doFilter(FilterChainProxy.java:336)
	at org.springframework.security.web.context.SecurityContextPersistenceFilter.doFilter(SecurityContextPersistenceFilter.java:112)
	at org.springframework.security.web.context.SecurityContextPersistenceFilter.doFilter(SecurityContextPersistenceFilter.java:82)
	at org.springframework.security.web.FilterChainProxy$VirtualFilterChain.doFilter(FilterChainProxy.java:336)
	at org.springframework.security.web.context.request.async.WebAsyncManagerIntegrationFilter.doFilterInternal(WebAsyncManagerIntegrationFilter.java:55)
	at org.springframework.web.filter.OncePerRequestFilter.doFilter(OncePerRequestFilter.java:117)
	at org.springframework.security.web.FilterChainProxy$VirtualFilterChain.doFilter(FilterChainProxy.java:336)
	at org.springframework.security.web.session.DisableEncodeUrlFilter.doFilterInternal(DisableEncodeUrlFilter.java:42)
	at org.springframework.web.filter.OncePerRequestFilter.doFilter(OncePerRequestFilter.java:117)
	at org.springframework.security.web.FilterChainProxy$VirtualFilterChain.doFilter(FilterChainProxy.java:336)
	at org.springframework.security.web.FilterChainProxy.doFilterInternal(FilterChainProxy.java:211)
	at org.springframework.security.web.FilterChainProxy.doFilter(FilterChainProxy.java:183)
	at org.springframework.web.filter.DelegatingFilterProxy.invokeDelegate(DelegatingFilterProxy.java:354)
	at org.springframework.web.filter.DelegatingFilterProxy.doFilter(DelegatingFilterProxy.java:267)
	at org.apache.catalina.core.ApplicationFilterChain.internalDoFilter(ApplicationFilterChain.java:189)
	at org.apache.catalina.core.ApplicationFilterChain.doFilter(ApplicationFilterChain.java:162)
	at org.springframework.web.filter.RequestContextFilter.doFilterInternal(RequestContextFilter.java:100)
	at org.springframework.web.filter.OncePerRequestFilter.doFilter(OncePerRequestFilter.java:117)
	at org.apache.catalina.core.ApplicationFilterChain.internalDoFilter(ApplicationFilterChain.java:189)
	at org.apache.catalina.core.ApplicationFilterChain.doFilter(ApplicationFilterChain.java:162)
	at org.springframework.web.filter.FormContentFilter.doFilterInternal(FormContentFilter.java:93)
	at org.springframework.web.filter.OncePerRequestFilter.doFilter(OncePerRequestFilter.java:117)
	at org.apache.catalina.core.ApplicationFilterChain.internalDoFilter(ApplicationFilterChain.java:189)
	at org.apache.catalina.core.ApplicationFilterChain.doFilter(ApplicationFilterChain.java:162)
	at org.springframework.web.filter.CharacterEncodingFilter.doFilterInternal(CharacterEncodingFilter.java:201)
	at org.springframework.web.filter.OncePerRequestFilter.doFilter(OncePerRequestFilter.java:117)
	at org.apache.catalina.core.ApplicationFilterChain.internalDoFilter(ApplicationFilterChain.java:189)
	at org.apache.catalina.core.ApplicationFilterChain.doFilter(ApplicationFilterChain.java:162)
	at org.apache.catalina.core.StandardWrapperValve.invoke(StandardWrapperValve.java:197)
	at org.apache.catalina.core.StandardContextValve.invoke(StandardContextValve.java:97)
	at org.apache.catalina.authenticator.AuthenticatorBase.invoke(AuthenticatorBase.java:541)
	at org.apache.catalina.core.StandardHostValve.invoke(StandardHostValve.java:135)
	at org.apache.catalina.valves.ErrorReportValve.invoke(ErrorReportValve.java:92)
	at org.apache.catalina.core.StandardEngineValve.invoke(StandardEngineValve.java:78)
	at org.apache.catalina.connector.CoyoteAdapter.service(CoyoteAdapter.java:360)
	at org.apache.coyote.http11.Http11Processor.service(Http11Processor.java:399)
	at org.apache.coyote.AbstractProcessorLight.process(AbstractProcessorLight.java:65)
	at org.apache.coyote.AbstractProtocol$ConnectionHandler.process(AbstractProtocol.java:890)
	at org.apache.tomcat.util.net.NioEndpoint$SocketProcessor.doRun(NioEndpoint.java:1789)
	at org.apache.tomcat.util.net.SocketProcessorBase.run(SocketProcessorBase.java:49)
	at org.apache.tomcat.util.threads.ThreadPoolExecutor.runWorker(ThreadPoolExecutor.java:1191)
	at org.apache.tomcat.util.threads.ThreadPoolExecutor$Worker.run(ThreadPoolExecutor.java:659)
	at org.apache.tomcat.util.threads.TaskThread$WrappingRunnable.run(TaskThread.java:61)
	at java.lang.Thread.run(Thread.java:748)
2022-10-29 03:29:44 DEBUG com.bertopcu.KitchenWorld.service.RecipeService [http-nio-8090-exec-1] {"id":0,"name":"TestDummyDr","description":"TestDummyDr","howToMake":"Shaker’a 3 küp buz, votka, şeftali likörü ve portakal suyunu koyun.İyice sallayın.Kapağını çıkartın ve süzgeci takın.Bir bardağı buz ile doldurun.Bardağa içeceği süzerek boşaltın.Nar suyunu ekleyin.Afiyet olsun..","userId":2,"imageUrl":"","categoryId":7,"createdDate":"Jul 31, 2022 2:10:00 AM"}
2022-10-29 03:29:44 DEBUG com.bertopcu.KitchenWorld.service.RecipeService [http-nio-8090-exec-1] ::saveRecipe starts:: TestDummyDr ::loggedinUser:: bertopcu
2022-10-29 03:29:44 DEBUG com.bertopcu.KitchenWorld.service.RecipeService [http-nio-8090-exec-1] ::saveRecipe:: TestDummyDr
2022-10-29 03:30:19 DEBUG com.bertopcu.KitchenWorld.service.RecipeService [http-nio-8090-exec-9] ::getRecipesByCategory starts:: ::param(s):: 7 ::loggedinUser:: bertopcu
2022-10-29 03:30:19 DEBUG com.bertopcu.KitchenWorld.service.RecipeService [http-nio-8090-exec-9] ::getRecipesByCategory:: İçecekler ::total size:: 18
2022-10-29 03:30:53 DEBUG com.bertopcu.KitchenWorld.service.RecipeService [http-nio-8090-exec-4] ::getRecipesByCategory starts:: ::param(s):: 7 ::loggedinUser:: bertopcu
2022-10-29 03:30:53 DEBUG com.bertopcu.KitchenWorld.service.RecipeService [http-nio-8090-exec-4] ::getRecipesByCategory:: İçecekler ::total size:: 18
2022-10-29 03:31:13 DEBUG com.bertopcu.KitchenWorld.service.RecipeService [http-nio-8090-exec-8] ::getRecipesByCategory starts:: ::param(s):: 7 ::loggedinUser:: bertopcu
2022-10-29 03:31:13 DEBUG com.bertopcu.KitchenWorld.service.RecipeService [http-nio-8090-exec-8] ::getRecipesByCategory:: İçecekler ::total size:: 18
2022-10-29 03:33:55 DEBUG com.bertopcu.KitchenWorld.service.RecipeService [http-nio-8090-exec-10] ::getRecipesByCategory starts:: ::param(s):: 7 ::loggedinUser:: bertopcu
2022-10-29 03:33:55 DEBUG com.bertopcu.KitchenWorld.service.RecipeService [http-nio-8090-exec-10] ::getRecipesByCategory:: İçecekler ::total size:: 18
2022-10-29 03:54:39 DEBUG com.bertopcu.KitchenWorld.service.RecipeService [http-nio-8090-exec-3] {"id":0,"name":"TestDummyDr","description":"TestDummyDr","howToMake":"Shaker’a 3 küp buz, votka, şeftali likörü ve portakal suyunu koyun.İyice sallayın.Kapağını çıkartın ve süzgeci takın.Bir bardağı buz ile doldurun.Bardağa içeceği süzerek boşaltın.Nar suyunu ekleyin.Afiyet olsun..","userId":2,"imageUrl":"","categoryId":7,"createdDate":"Jul 31, 2022 2:10:00 AM"}
2022-10-29 03:54:39 DEBUG com.bertopcu.KitchenWorld.service.RecipeService [http-nio-8090-exec-3] ::saveRecipe starts:: TestDummyDr ::loggedinUser:: bertopcu
2022-10-29 03:54:39 DEBUG com.bertopcu.KitchenWorld.service.RecipeService [http-nio-8090-exec-3] ::saveRecipe:: TestDummyDr
2022-10-29 03:54:55 DEBUG com.bertopcu.KitchenWorld.service.RecipeService [http-nio-8090-exec-4] ::getRecipesByCategory starts:: ::param(s):: 7 ::loggedinUser:: bertopcu
2022-10-29 03:54:55 DEBUG com.bertopcu.KitchenWorld.service.RecipeService [http-nio-8090-exec-4] ::getRecipesByCategory:: İçecekler ::total size:: 18
2022-10-29 03:55:16 DEBUG com.bertopcu.KitchenWorld.service.RecipeService [http-nio-8090-exec-1] ::getRecipesByCategory starts:: ::param(s):: 7 ::loggedinUser:: bertopcu
2022-10-29 03:55:16 DEBUG com.bertopcu.KitchenWorld.service.RecipeService [http-nio-8090-exec-1] ::getRecipesByCategory:: İçecekler ::total size:: 18
2022-10-29 03:55:44 DEBUG com.bertopcu.KitchenWorld.service.RecipeService [http-nio-8090-exec-2] ::getRecipesByCategory starts:: ::param(s):: 7 ::loggedinUser:: bertopcu
2022-10-29 03:55:44 DEBUG com.bertopcu.KitchenWorld.service.RecipeService [http-nio-8090-exec-2] ::getRecipesByCategory:: İçecekler ::total size:: 18
2022-10-29 03:56:13 DEBUG com.bertopcu.KitchenWorld.service.RecipeService [http-nio-8090-exec-8] ::getRecipesByCategory starts:: ::param(s):: 7 ::loggedinUser:: bertopcu
2022-10-29 03:56:13 DEBUG com.bertopcu.KitchenWorld.service.RecipeService [http-nio-8090-exec-8] ::getRecipesByCategory:: İçecekler ::total size:: 17
2022-10-29 04:05:08 DEBUG com.bertopcu.KitchenWorld.service.RecipeService [http-nio-8090-exec-2] {"id":0,"name":"TestDummyDr","description":"TestDummyDr","howToMake":"Shaker’a 3 küp buz, votka, şeftali likörü ve portakal suyunu koyun.İyice sallayın.Kapağını çıkartın ve süzgeci takın.Bir bardağı buz ile doldurun.Bardağa içeceği süzerek boşaltın.Nar suyunu ekleyin.Afiyet olsun..","userId":2,"imageUrl":"","categoryId":7,"createdDate":"Jul 31, 2022 2:10:00 AM"}
2022-10-29 04:05:08 DEBUG com.bertopcu.KitchenWorld.service.RecipeService [http-nio-8090-exec-2] ::saveRecipe starts:: TestDummyDr ::loggedinUser:: bertopcu
2022-10-29 04:05:08 DEBUG com.bertopcu.KitchenWorld.service.RecipeService [http-nio-8090-exec-2] ::saveRecipe:: TestDummyDr
2022-10-29 04:05:21 DEBUG com.bertopcu.KitchenWorld.service.RecipeService [http-nio-8090-exec-8] ::getRecipesByCategory starts:: ::param(s):: 7 ::loggedinUser:: bertopcu
2022-10-29 04:05:21 DEBUG com.bertopcu.KitchenWorld.service.RecipeService [http-nio-8090-exec-8] ::getRecipesByCategory:: İçecekler ::total size:: 18
2022-10-29 04:06:25 DEBUG com.bertopcu.KitchenWorld.service.RecipeService [http-nio-8090-exec-2] {"id":0,"name":"TestDummyDr","description":"TestDummyDr","howToMake":"Shaker’a 3 küp buz, votka, şeftali likörü ve portakal suyunu koyun.İyice sallayın.Kapağını çıkartın ve süzgeci takın.Bir bardağı buz ile doldurun.Bardağa içeceği süzerek boşaltın.Nar suyunu ekleyin.Afiyet olsun..","userId":2,"imageUrl":"","categoryId":7,"createdDate":"Jul 31, 2022 2:10:00 AM"}
2022-10-29 04:06:25 DEBUG com.bertopcu.KitchenWorld.service.RecipeService [http-nio-8090-exec-2] ::saveRecipe starts:: TestDummyDr ::loggedinUser:: bertopcu
2022-10-29 04:06:25 DEBUG com.bertopcu.KitchenWorld.service.RecipeService [http-nio-8090-exec-2] ::saveRecipe:: TestDummyDr
2022-10-29 04:06:31 DEBUG com.bertopcu.KitchenWorld.service.RecipeService [http-nio-8090-exec-4] ::getRecipesByCategory starts:: ::param(s):: 7 ::loggedinUser:: bertopcu
2022-10-29 04:06:31 DEBUG com.bertopcu.KitchenWorld.service.RecipeService [http-nio-8090-exec-4] ::getRecipesByCategory:: İçecekler ::total size:: 18
2022-10-29 04:09:44 DEBUG com.bertopcu.KitchenWorld.service.RecipeService [http-nio-8090-exec-1] {"id":0,"name":"TestDummyDr","description":"TestDummyDr","howToMake":"Shaker’a 3 küp buz, votka, şeftali likörü ve portakal suyunu koyun.İyice sallayın.Kapağını çıkartın ve süzgeci takın.Bir bardağı buz ile doldurun.Bardağa içeceği süzerek boşaltın.Nar suyunu ekleyin.Afiyet olsun..","userId":2,"imageUrl":"","categoryId":7,"createdDate":"Jul 31, 2022 2:10:00 AM"}
2022-10-29 04:09:44 DEBUG com.bertopcu.KitchenWorld.service.RecipeService [http-nio-8090-exec-1] ::saveRecipe starts:: TestDummyDr ::loggedinUser:: bertopcu
2022-10-29 04:09:44 DEBUG com.bertopcu.KitchenWorld.service.RecipeService [http-nio-8090-exec-1] ::saveRecipe:: TestDummyDr
2022-10-29 04:09:54 DEBUG com.bertopcu.KitchenWorld.service.RecipeService [http-nio-8090-exec-3] ::getRecipesByCategory starts:: ::param(s):: 7 ::loggedinUser:: bertopcu
2022-10-29 04:09:54 DEBUG com.bertopcu.KitchenWorld.service.RecipeService [http-nio-8090-exec-3] ::getRecipesByCategory:: İçecekler ::total size:: 18
2022-10-29 04:10:14 DEBUG com.bertopcu.KitchenWorld.service.RecipeService [http-nio-8090-exec-8] ::getRecipesByCategory starts:: ::param(s):: 7 ::loggedinUser:: bertopcu
2022-10-29 04:10:15 DEBUG com.bertopcu.KitchenWorld.service.RecipeService [http-nio-8090-exec-8] ::getRecipesByCategory:: İçecekler ::total size:: 17
2022-10-29 04:26:54 DEBUG com.bertopcu.KitchenWorld.service.RecipeService [http-nio-8090-exec-1] ::getRecipe starts ::loggedinUser:: bertopcu parameter(s):: 4172
2022-10-29 04:26:54 DEBUG com.bertopcu.KitchenWorld.service.RecipeService [http-nio-8090-exec-1] ::getRecipe for:: Orman Kebabı
2022-10-29 04:30:40 DEBUG com.bertopcu.KitchenWorld.service.RecipeService [http-nio-8090-exec-2] ::getRecipe starts ::loggedinUser:: bertopcu parameter(s):: 4172
2022-10-29 04:30:40 DEBUG com.bertopcu.KitchenWorld.service.RecipeService [http-nio-8090-exec-2] ::getRecipe for:: Orman Kebabı
2022-10-29 04:33:45 DEBUG com.bertopcu.KitchenWorld.service.RecipeService [http-nio-8090-exec-1] ::getRecipe starts ::loggedinUser:: bertopcu parameter(s):: 4172
2022-10-29 04:33:45 DEBUG com.bertopcu.KitchenWorld.service.RecipeService [http-nio-8090-exec-1] ::getRecipe for:: Orman Kebabı
2022-10-29 04:35:23 DEBUG com.bertopcu.KitchenWorld.service.RecipeService [http-nio-8090-exec-10] {"id":0,"name":"TestDummyDr","description":"TestDummyDr","howToMake":"Shaker’a 3 küp buz, votka, şeftali likörü ve portakal suyunu koyun.İyice sallayın.Kapağını çıkartın ve süzgeci takın.Bir bardağı buz ile doldurun.Bardağa içeceği süzerek boşaltın.Nar suyunu ekleyin.Afiyet olsun..","userId":2,"imageUrl":"","categoryId":7,"createdDate":"Jul 31, 2022 2:10:00 AM"}
2022-10-29 04:35:23 DEBUG com.bertopcu.KitchenWorld.service.RecipeService [http-nio-8090-exec-10] ::saveRecipe starts:: TestDummyDr ::loggedinUser:: bertopcu
2022-10-29 04:35:23 DEBUG com.bertopcu.KitchenWorld.service.RecipeService [http-nio-8090-exec-10] ::saveRecipe:: TestDummyDr
2022-10-29 04:37:35 DEBUG com.bertopcu.KitchenWorld.service.RecipeService [http-nio-8090-exec-3] {"id":0,"name":"TestDummyDr","description":"TestDummyDr","howToMake":"Shaker’a 3 küp buz, votka, şeftali likörü ve portakal suyunu koyun.İyice sallayın.Kapağını çıkartın ve süzgeci takın.Bir bardağı buz ile doldurun.Bardağa içeceği süzerek boşaltın.Nar suyunu ekleyin.Afiyet olsun..","userId":2,"imageUrl":"","categoryId":7,"createdDate":"Jul 31, 2022 2:10:00 AM"}
2022-10-29 04:37:35 DEBUG com.bertopcu.KitchenWorld.service.RecipeService [http-nio-8090-exec-3] ::saveRecipe starts:: TestDummyDr ::loggedinUser:: bertopcu
2022-10-29 04:37:35 DEBUG com.bertopcu.KitchenWorld.service.RecipeService [http-nio-8090-exec-3] ::saveRecipe:: TestDummyDr
2022-10-29 05:14:28 DEBUG com.bertopcu.KitchenWorld.service.RecipeService [http-nio-8090-exec-10] {"id":0,"name":"Test Dummy1","description":"Test Dummy1","howToMake":"etsets","userId":1,"categoryId":18,"createdDate":"Oct 29, 2022 5:14:28 AM"}
2022-10-29 05:14:28 DEBUG com.bertopcu.KitchenWorld.service.RecipeService [http-nio-8090-exec-10] ::saveRecipe starts:: Test Dummy1 ::loggedinUser:: bertopcu
2022-10-29 05:14:28 DEBUG com.bertopcu.KitchenWorld.service.RecipeService [http-nio-8090-exec-10] ::saveRecipe:: Test Dummy1
2022-10-29 05:14:37 DEBUG com.bertopcu.KitchenWorld.service.RecipeService [http-nio-8090-exec-1] ::getRecipesByCategory starts:: ::param(s):: 18 ::loggedinUser:: bertopcu
2022-10-29 05:14:37 DEBUG com.bertopcu.KitchenWorld.service.RecipeService [http-nio-8090-exec-1] ::getRecipesByCategory:: Kahvaltı ::total size:: 16
2022-10-29 05:16:38 DEBUG com.bertopcu.KitchenWorld.service.RecipeService [http-nio-8090-exec-7] ::getRecipesByCategory starts:: ::param(s):: 1 ::loggedinUser:: bertopcu
2022-10-29 05:16:38 DEBUG com.bertopcu.KitchenWorld.service.RecipeService [http-nio-8090-exec-7] ::getRecipesByCategory:: Çorbalar ::total size:: 19
2022-10-29 05:17:12 DEBUG com.bertopcu.KitchenWorld.service.RecipeService [http-nio-8090-exec-8] {"id":0,"name":"Test Dummy2","description":"Test Dummy2","howToMake":"testst","userId":1,"categoryId":18,"createdDate":"Oct 29, 2022 5:17:12 AM"}
2022-10-29 05:17:12 DEBUG com.bertopcu.KitchenWorld.service.RecipeService [http-nio-8090-exec-8] ::saveRecipe starts:: Test Dummy2 ::loggedinUser:: bertopcu
2022-10-29 05:17:12 DEBUG com.bertopcu.KitchenWorld.service.RecipeService [http-nio-8090-exec-8] ::saveRecipe:: Test Dummy2
2022-10-29 05:17:17 DEBUG com.bertopcu.KitchenWorld.service.RecipeService [http-nio-8090-exec-3] ::getRecipesByCategory starts:: ::param(s):: 18 ::loggedinUser:: bertopcu
2022-10-29 05:17:17 DEBUG com.bertopcu.KitchenWorld.service.RecipeService [http-nio-8090-exec-3] ::getRecipesByCategory:: Kahvaltı ::total size:: 17
2022-10-29 05:20:14 DEBUG com.bertopcu.KitchenWorld.service.RecipeService [http-nio-8090-exec-4] {"id":0,"name":"Test Dummy3","description":"Test Dummy3","howToMake":"etherheh","userId":1,"categoryId":18,"createdDate":"Oct 29, 2022 5:20:14 AM"}
2022-10-29 05:20:14 DEBUG com.bertopcu.KitchenWorld.service.RecipeService [http-nio-8090-exec-4] ::saveRecipe starts:: Test Dummy3 ::loggedinUser:: bertopcu
2022-10-29 05:20:14 DEBUG com.bertopcu.KitchenWorld.service.RecipeService [http-nio-8090-exec-4] ::saveRecipe:: Test Dummy3
2022-10-29 05:20:19 DEBUG com.bertopcu.KitchenWorld.service.RecipeService [http-nio-8090-exec-3] ::getRecipesByCategory starts:: ::param(s):: 18 ::loggedinUser:: bertopcu
2022-10-29 05:20:19 DEBUG com.bertopcu.KitchenWorld.service.RecipeService [http-nio-8090-exec-3] ::getRecipesByCategory:: Kahvaltı ::total size:: 18
2022-10-29 05:23:14 DEBUG com.bertopcu.KitchenWorld.service.RecipeService [http-nio-8090-exec-1] ::getRecipesByCategory starts:: ::param(s):: 18 ::loggedinUser:: bertopcu
2022-10-29 05:23:14 DEBUG com.bertopcu.KitchenWorld.service.RecipeService [http-nio-8090-exec-1] ::getRecipesByCategory:: Kahvaltı ::total size:: 15
2022-10-29 14:36:33 DEBUG com.bertopcu.KitchenWorld.service.RecipeService [http-nio-8090-exec-5] ::getRecipe starts ::loggedinUser:: bertopcu parameter(s):: 1
2022-10-29 14:36:33 DEBUG com.bertopcu.KitchenWorld.service.RecipeService [http-nio-8090-exec-5] ::getRecipe for:: Geleneksel  Köfte
2022-10-29 14:42:02 DEBUG com.bertopcu.KitchenWorld.service.RecipeService [http-nio-8090-exec-3] ::getRecipesByCategory starts:: ::param(s):: 7 ::loggedinUser:: bertopcu
2022-10-29 14:42:02 DEBUG com.bertopcu.KitchenWorld.service.RecipeService [http-nio-8090-exec-3] ::getRecipesByCategory:: İçecekler ::total size:: 17
2022-10-29 23:07:07 DEBUG com.bertopcu.KitchenWorld.service.RecipeService [http-nio-8090-exec-2] {"id":0,"name":"Bal Kabağı Çorbası","description":"Bal Kabağı Çorbası","howToMake":"\u003cdiv\u003e\u003col\u003e\u003cli\u003eTüm malzemeleri doğrayarak çorba yapımına başlayın.\u003c/li\u003e\u003cli\u003eDoğranmış kabakları ve rendelenmiş patatesi bir tencereye alıp üzerine sıcak suyu ekleyip kaynatalım.\u003c/li\u003e\u003cli\u003eTavaya sıvı yağı alıp doğranmış soğanı, sarmısağı ve rendelenmiş havucu koyup kavurun.\u003c/li\u003e\u003cli\u003eKavurduğunuz harcı tencereye ekleyip kaynatmaya devam edin.\u0026nbsp;Et suyu ve tuzu ilave edip, sebzeler yumuşayana kadar pişirin.\u0026nbsp;Çorbayı blenderdan geçirin.\u003c/li\u003e\u003cli\u003eArdından sütü ilave edip güzelce karıştırın.\u003c/li\u003e\u003cli\u003eZerdeçal, tuz, pul biber ve karabiber ekleyip 5 dakika daha kaynatın.\u003c/li\u003e\u003cli\u003eArdından sıcak sıcak servis edin. Afiyetler olsun!\u003c/li\u003e\u003c/ol\u003e\u003c/div\u003e","userId":1,"imageUrl":"https://cdn.yemek.com/mncrop/940/625/uploads/2014/11/bal-kabagi-corbasi-tarifi-one-cikan.jpg","categoryId":1,"createdDate":"Oct 29, 2022 10:44:10 PM"}
2022-10-29 23:07:07 DEBUG com.bertopcu.KitchenWorld.service.RecipeService [http-nio-8090-exec-2] ::saveRecipe starts:: Bal Kabağı Çorbası ::loggedinUser:: bertopcu
2022-10-29 23:07:07 DEBUG com.bertopcu.KitchenWorld.service.RecipeService [http-nio-8090-exec-2] ::saveRecipe:: Bal Kabağı Çorbası
2022-10-29 23:07:32 DEBUG com.bertopcu.KitchenWorld.service.RecipeService [http-nio-8090-exec-1] ::getRecipesByCategory starts:: ::param(s):: 1 ::loggedinUser:: bertopcu
2022-10-29 23:07:32 DEBUG com.bertopcu.KitchenWorld.service.RecipeService [http-nio-8090-exec-1] ::getRecipesByCategory:: Çorbalar ::total size:: 20
2022-10-29 23:10:55 DEBUG com.bertopcu.KitchenWorld.service.RecipeService [http-nio-8090-exec-2] {"id":0,"name":"Bal Kabağı Çorbası","description":"Bal Kabağı Çorbası","howToMake":"\u003cdiv\u003e\u003col\u003e\u003cli\u003eTüm malzemeleri doğrayarak çorba yapımına başlayın.\u003c/li\u003e\u003cli\u003eDoğranmış kabakları ve rendelenmiş patatesi bir tencereye alıp üzerine sıcak suyu ekleyip kaynatalım.\u003c/li\u003e\u003cli\u003eTavaya sıvı yağı alıp doğranmış soğanı, sarmısağı ve rendelenmiş havucu koyup kavurun.\u003c/li\u003e\u003cli\u003eKavurduğunuz harcı tencereye ekleyip kaynatmaya devam edin.\u0026nbsp;Et suyu ve tuzu ilave edip, sebzeler yumuşayana kadar pişirin.\u0026nbsp;Çorbayı blenderdan geçirin.\u003c/li\u003e\u003cli\u003eArdından sütü ilave edip güzelce karıştırın.\u003c/li\u003e\u003cli\u003eZerdeçal, tuz, pul biber ve karabiber ekleyip 5 dakika daha kaynatın.\u003c/li\u003e\u003cli\u003eArdından sıcak sıcak servis edin. Afiyetler olsun!\u003c/li\u003e\u003c/ol\u003e\u003c/div\u003e","userId":1,"imageUrl":"https://cdn.yemek.com/mncrop/940/625/uploads/2014/11/bal-kabagi-corbasi-tarifi-one-cikan.jpg","categoryId":1,"createdDate":"Oct 29, 2022 10:44:10 PM"}
2022-10-29 23:10:55 DEBUG com.bertopcu.KitchenWorld.service.RecipeService [http-nio-8090-exec-2] ::saveRecipe starts:: Bal Kabağı Çorbası ::loggedinUser:: bertopcu
2022-10-29 23:10:55 DEBUG com.bertopcu.KitchenWorld.service.RecipeService [http-nio-8090-exec-2] ::saveRecipe:: Bal Kabağı Çorbası
2022-10-29 23:12:35 DEBUG com.bertopcu.KitchenWorld.service.RecipeService [http-nio-8090-exec-6] {"id":0,"name":"Bal Kabağı Çorbası","description":"Bal Kabağı Çorbası","howToMake":"\u003cdiv\u003e\u003col\u003e\u003cli\u003eTüm malzemeleri doğrayarak çorba yapımına başlayın.\u003c/li\u003e\u003cli\u003eDoğranmış kabakları ve rendelenmiş patatesi bir tencereye alıp üzerine sıcak suyu ekleyip kaynatalım.\u003c/li\u003e\u003cli\u003eTavaya sıvı yağı alıp doğranmış soğanı, sarmısağı ve rendelenmiş havucu koyup kavurun.\u003c/li\u003e\u003cli\u003eKavurduğunuz harcı tencereye ekleyip kaynatmaya devam edin.\u0026nbsp;Et suyu ve tuzu ilave edip, sebzeler yumuşayana kadar pişirin.\u0026nbsp;Çorbayı blenderdan geçirin.\u003c/li\u003e\u003cli\u003eArdından sütü ilave edip güzelce karıştırın.\u003c/li\u003e\u003cli\u003eZerdeçal, tuz, pul biber ve karabiber ekleyip 5 dakika daha kaynatın.\u003c/li\u003e\u003cli\u003eArdından sıcak sıcak servis edin. Afiyetler olsun!\u003c/li\u003e\u003c/ol\u003e\u003c/div\u003e","userId":1,"imageUrl":"https://cdn.yemek.com/mncrop/940/625/uploads/2014/11/bal-kabagi-corbasi-tarifi-one-cikan.jpg","categoryId":1,"createdDate":"Oct 29, 2022 10:44:10 PM"}
2022-10-29 23:12:35 DEBUG com.bertopcu.KitchenWorld.service.RecipeService [http-nio-8090-exec-6] ::saveRecipe starts:: Bal Kabağı Çorbası ::loggedinUser:: bertopcu
2022-10-29 23:12:35 DEBUG com.bertopcu.KitchenWorld.service.RecipeService [http-nio-8090-exec-6] ::saveRecipe:: Bal Kabağı Çorbası
2022-10-29 23:15:38 DEBUG com.bertopcu.KitchenWorld.service.RecipeService [http-nio-8090-exec-8] {"id":0,"name":"Bal Kabağı Çorbası","description":"Bal Kabağı Çorbası","howToMake":"\u003cdiv\u003e\u003col\u003e\u003cli\u003eTüm malzemeleri doğrayarak çorba yapımına başlayın.\u003c/li\u003e\u003cli\u003eDoğranmış kabakları ve rendelenmiş patatesi bir tencereye alıp üzerine sıcak suyu ekleyip kaynatalım.\u003c/li\u003e\u003cli\u003eTavaya sıvı yağı alıp doğranmış soğanı, sarmısağı ve rendelenmiş havucu koyup kavurun.\u003c/li\u003e\u003cli\u003eKavurduğunuz harcı tencereye ekleyip kaynatmaya devam edin.\u0026nbsp;Et suyu ve tuzu ilave edip, sebzeler yumuşayana kadar pişirin.\u0026nbsp;Çorbayı blenderdan geçirin.\u003c/li\u003e\u003cli\u003eArdından sütü ilave edip güzelce karıştırın.\u003c/li\u003e\u003cli\u003eZerdeçal, tuz, pul biber ve karabiber ekleyip 5 dakika daha kaynatın.\u003c/li\u003e\u003cli\u003eArdından sıcak sıcak servis edin. Afiyetler olsun!\u003c/li\u003e\u003c/ol\u003e\u003c/div\u003e","userId":1,"imageUrl":"https://cdn.yemek.com/mncrop/940/625/uploads/2014/11/bal-kabagi-corbasi-tarifi-one-cikan.jpg","categoryId":1,"createdDate":"Oct 29, 2022 10:44:10 PM"}
2022-10-29 23:15:38 DEBUG com.bertopcu.KitchenWorld.service.RecipeService [http-nio-8090-exec-8] ::saveRecipe starts:: Bal Kabağı Çorbası ::loggedinUser:: bertopcu
2022-10-29 23:15:38 DEBUG com.bertopcu.KitchenWorld.service.RecipeService [http-nio-8090-exec-8] ::saveRecipe:: Bal Kabağı Çorbası
2022-10-29 23:15:53 DEBUG com.bertopcu.KitchenWorld.service.RecipeService [http-nio-8090-exec-10] ::getRecipesByCategory starts:: ::param(s):: 1 ::loggedinUser:: bertopcu
2022-10-29 23:15:53 DEBUG com.bertopcu.KitchenWorld.service.RecipeService [http-nio-8090-exec-10] ::getRecipesByCategory:: Çorbalar ::total size:: 20
2022-10-29 23:17:16 DEBUG com.bertopcu.KitchenWorld.service.RecipeService [http-nio-8090-exec-8] {"id":0,"name":"Kelle Paça Tadında Et Çorbası","description":"Kelle Paça Tadında Et Çorbası","howToMake":"\u003cdiv\u003e\u003col\u003e\u003cli\u003eEti yıkadıktan sonra tencereye alarak 2 litre suyu, tuzu ve karabiberi ekleyip pişmeye bırakın.\u003c/li\u003e\u003cli\u003ePişen eti suyundan süzerek ince parçalara ayırın.\u003c/li\u003e\u003cli\u003eSuyu tekrar kaynamaya bırakın.\u003c/li\u003e\u003cli\u003eMeyanesi için; nişasta, yumurta sarısı, sarımsak, sirke ve limon suyunu çırpın.\u003c/li\u003e\u003cli\u003eEt suyundan bir kepçeyi meyaneye ekleyerek ısıyı dengeleyin.\u003c/li\u003e\u003cli\u003eÇorbanın içine dökerek kaynayana kadar karıştırın.Kaynadıktan sonra etleri de ilave edin. Bir taşım daha kaynatın.\u003c/li\u003e\u003cli\u003eÜzeri için; erittiğiniz tereyağında toz biberi kızdırın ve çorbaya ekleyin. Afiyet olsun!\u003c/li\u003e\u003c/ol\u003e\u003c/div\u003e","userId":1,"imageUrl":"https://cdn.yemek.com/mnresize/1250/833/uploads/2022/09/kelle-paca-tadinda-et-corbasi-onecikan.jpg","categoryId":1,"createdDate":"Oct 29, 2022 11:17:10 PM"}
2022-10-29 23:17:16 DEBUG com.bertopcu.KitchenWorld.service.RecipeService [http-nio-8090-exec-8] ::saveRecipe starts:: Kelle Paça Tadında Et Çorbası ::loggedinUser:: bertopcu
2022-10-29 23:17:16 DEBUG com.bertopcu.KitchenWorld.service.RecipeService [http-nio-8090-exec-8] ::saveRecipe:: Kelle Paça Tadında Et Çorbası
2022-10-29 23:17:26 DEBUG com.bertopcu.KitchenWorld.service.RecipeService [http-nio-8090-exec-7] ::getRecipesByCategory starts:: ::param(s):: 1 ::loggedinUser:: bertopcu
2022-10-29 23:17:26 DEBUG com.bertopcu.KitchenWorld.service.RecipeService [http-nio-8090-exec-7] ::getRecipesByCategory:: Çorbalar ::total size:: 21
2022-10-29 23:23:46 DEBUG com.bertopcu.KitchenWorld.service.RecipeService [http-nio-8090-exec-9] {"id":0,"name":"Paça Çorbası","description":"Paça Çorbası","howToMake":"\u003cdiv\u003e\u003ch3 class\u003d\"ContentRecipe_title__gqard\"\u003eÇorba için:\u003c/h3\u003e\u003col\u003e\u003cli\u003ePaçaları yıkayın ve derince bir tencerenin içine aktarın.\u003c/li\u003e\u003cli\u003eTuz ve su ilave ederek yaklaşık 1-1,5 saat kadar kaynamaya bırakın.\u003c/li\u003e\u003c/ol\u003e\u003c/div\u003e","userId":1,"imageUrl":"https://cdn.yemek.com/mncrop/940/625/uploads/2017/01/paca-corbasi.jpg","categoryId":1,"createdDate":"Oct 29, 2022 11:23:41 PM"}
2022-10-29 23:23:46 DEBUG com.bertopcu.KitchenWorld.service.RecipeService [http-nio-8090-exec-9] ::saveRecipe starts:: Paça Çorbası ::loggedinUser:: bertopcu
2022-10-29 23:23:46 DEBUG com.bertopcu.KitchenWorld.service.RecipeService [http-nio-8090-exec-9] ::saveRecipe:: Paça Çorbası
2022-10-29 23:23:52 DEBUG com.bertopcu.KitchenWorld.service.RecipeService [http-nio-8090-exec-8] ::getRecipesByCategory starts:: ::param(s):: 1 ::loggedinUser:: bertopcu
2022-10-29 23:23:52 DEBUG com.bertopcu.KitchenWorld.service.RecipeService [http-nio-8090-exec-8] ::getRecipesByCategory:: Çorbalar ::total size:: 22
2022-10-29 23:25:00 DEBUG com.bertopcu.KitchenWorld.service.RecipeService [http-nio-8090-exec-5] ::getRecipesByCategory starts:: ::param(s):: 1 ::loggedinUser:: bertopcu
2022-10-29 23:25:00 DEBUG com.bertopcu.KitchenWorld.service.RecipeService [http-nio-8090-exec-5] ::getRecipesByCategory:: Çorbalar ::total size:: 22
2022-10-29 23:37:58 DEBUG com.bertopcu.KitchenWorld.service.RecipeService [http-nio-8090-exec-2] ::getRecipesByCategory starts:: ::param(s):: 1 ::loggedinUser:: bertopcu
2022-10-29 23:37:58 DEBUG com.bertopcu.KitchenWorld.service.RecipeService [http-nio-8090-exec-2] ::getRecipesByCategory:: Çorbalar ::total size:: 22
2022-10-29 23:38:01 DEBUG com.bertopcu.KitchenWorld.service.RecipeService [http-nio-8090-exec-7] ::getRecipesByCategory starts:: ::param(s):: 18 ::loggedinUser:: bertopcu
2022-10-29 23:38:01 DEBUG com.bertopcu.KitchenWorld.service.RecipeService [http-nio-8090-exec-7] ::getRecipesByCategory:: Kahvaltı ::total size:: 15
2022-10-29 23:47:34 DEBUG com.bertopcu.KitchenWorld.service.RecipeService [http-nio-8090-exec-2] {"id":0,"name":"Susan","description":"Susan","howToMake":"\u003col class\u003d\"method_step\"\u003e\u003cli\u003eListede yer alan t\u0026#252;m malzemeleri bir s\u0026#252;rahi kab\u0026#305;na koyup kar\u0026#305;\u0026#351;t\u0026#305;r\u0026#305;n.\u003c/li\u003e\u003c/ol\u003e","userId":1,"categoryId":7,"createdDate":"Oct 29, 2022 11:47:33 PM"}
2022-10-29 23:47:34 DEBUG com.bertopcu.KitchenWorld.service.RecipeService [http-nio-8090-exec-2] ::saveRecipe starts:: Susan ::loggedinUser:: bertopcu
2022-10-29 23:47:34 DEBUG com.bertopcu.KitchenWorld.service.RecipeService [http-nio-8090-exec-2] ::saveRecipe:: Susan
2022-10-29 23:47:42 DEBUG com.bertopcu.KitchenWorld.service.RecipeService [http-nio-8090-exec-10] ::getRecipesByCategory starts:: ::param(s):: 7 ::loggedinUser:: bertopcu
2022-10-29 23:47:42 DEBUG com.bertopcu.KitchenWorld.service.RecipeService [http-nio-8090-exec-10] ::getRecipesByCategory:: İçecekler ::total size:: 18
2022-10-29 23:51:13 DEBUG com.bertopcu.KitchenWorld.service.RecipeService [http-nio-8090-exec-5] {"id":0,"name":"Whisky Pie","description":"Whisky Pie","howToMake":"\u003col class\u003d\"method_step\"\u003e\u003cli\u003eB\u0026#252;t\u0026#252;n malzemeleri buz dolu bir \u0026#231;alkalama kab\u0026#305;na ekleyin.\u003c/li\u003e\u003cli\u003e15 saniye sert\u0026#231;e \u0026#231;alkalay\u0026#305;n.\u003c/li\u003e\u003c/ol\u003e","userId":1,"categoryId":7,"createdDate":"Oct 29, 2022 11:51:13 PM"}
2022-10-29 23:51:13 DEBUG com.bertopcu.KitchenWorld.service.RecipeService [http-nio-8090-exec-5] ::saveRecipe starts:: Whisky Pie ::loggedinUser:: bertopcu
2022-10-29 23:51:13 DEBUG com.bertopcu.KitchenWorld.service.RecipeService [http-nio-8090-exec-5] ::saveRecipe:: Whisky Pie
2022-10-29 23:51:18 DEBUG com.bertopcu.KitchenWorld.service.RecipeService [http-nio-8090-exec-9] ::getRecipesByCategory starts:: ::param(s):: 7 ::loggedinUser:: bertopcu
2022-10-29 23:51:18 DEBUG com.bertopcu.KitchenWorld.service.RecipeService [http-nio-8090-exec-9] ::getRecipesByCategory:: İçecekler ::total size:: 19
2022-10-29 23:54:54 DEBUG com.bertopcu.KitchenWorld.service.RecipeService [http-nio-8090-exec-3] {"id":0,"name":" Johnnie \u0026 Pineapple","description":" Johnnie \u0026 Pineapple","howToMake":"\u003col class\u003d\"method_step\"\u003e\u003cli\u003eListede yer alan t\u0026#252;m malzemeleri kar\u0026#305;\u0026#351;t\u0026#305;rma kab\u0026#305;na ekleyin ve en son buz ekleyip hepsini kar\u0026#305;\u0026#351;t\u0026#305;r\u0026#305;n.\u003c/li\u003e\u003c/ol\u003e","userId":1,"categoryId":7,"createdDate":"Oct 29, 2022 11:54:54 PM"}
2022-10-29 23:54:54 DEBUG com.bertopcu.KitchenWorld.service.RecipeService [http-nio-8090-exec-3] ::saveRecipe starts::  Johnnie & Pineapple ::loggedinUser:: bertopcu
2022-10-29 23:54:54 DEBUG com.bertopcu.KitchenWorld.service.RecipeService [http-nio-8090-exec-3] ::saveRecipe::  Johnnie & Pineapple
2022-10-29 23:54:59 DEBUG com.bertopcu.KitchenWorld.service.RecipeService [http-nio-8090-exec-6] ::getRecipesByCategory starts:: ::param(s):: 7 ::loggedinUser:: bertopcu
2022-10-29 23:54:59 DEBUG com.bertopcu.KitchenWorld.service.RecipeService [http-nio-8090-exec-6] ::getRecipesByCategory:: İçecekler ::total size:: 20
